<?xml version="1.0" encoding="UTF-8"?>
<!-- Generated by org.testng.reporters.JUnitXMLReporter -->
<testsuite ignored="0" hostname="EXIPC0200" failures="1" tests="3" name="Android_Nokia5.4" time="67.366" errors="0" timestamp="2024-10-02T16:21:16 IST">
  <testcase classname="com.qa.testClass.LoginPageTest" name="invalidEmailErrText" time="7.867">
    <failure type="java.lang.AssertionError" message="expected [Email address not found.] but found [Email address not found.anc]">
      <![CDATA[java.lang.AssertionError: expected [Email address not found.] but found [Email address not found.anc]
at com.qa.testClass.LoginPageTest.invalidEmailErrText(LoginPageTest.java:99)
at java.base/java.util.ArrayList.forEach(ArrayList.java:1511)
at java.base/java.util.concurrent.FutureTask.run(FutureTask.java:264)
at java.base/java.util.concurrent.ThreadPoolExecutor.runWorker(ThreadPoolExecutor.java:1136)
at java.base/java.util.concurrent.ThreadPoolExecutor$Worker.run(ThreadPoolExecutor.java:635)
at java.base/java.lang.Thread.run(Thread.java:842)
... Removed 23 stack frames]]>
    </failure>
  </testcase> <!-- invalidEmailErrText -->
  <testcase classname="com.qa.testClass.LoginPageTest" name="invalidPasswordErrText" time="13.95"/>
  <testcase classname="com.qa.testClass.LoginPageTest" name="validLogin" time="17.481"/>
</testsuite> <!-- Android_Nokia5.4 -->
