<?xml version="1.0" encoding="UTF-8"?>
<!-- Generated by org.testng.reporters.JUnitXMLReporter -->
<testsuite ignored="0" hostname="EXIPC0200" failures="0" tests="3" name="Android" time="61.176" errors="0" timestamp="2024-09-27T17:41:34 IST">
  <testcase classname="com.qa.testClass.LoginPageTest" name="invalidEmailErrText" time="6.972"/>
  <testcase classname="com.qa.testClass.LoginPageTest" name="invalidPasswordErrText" time="15.424"/>
  <testcase classname="com.qa.testClass.LoginPageTest" name="validLogin" time="16.943"/>
</testsuite> <!-- Android -->
