<?xml version="1.0" encoding="UTF-8"?>
<!-- Generated by org.testng.reporters.JUnitXMLReporter -->
<testsuite ignored="0" hostname="EXIPC0200" failures="0" tests="3" name="iOS" time="0.75" errors="0" timestamp="2024-09-25T19:00:07 IST">
  <testcase classname="com.qa.testClass.LoginPageTest" name="invalidEmailErrText" time="0.001">
    <skipped/>
  </testcase> <!-- invalidEmailErrText -->
  <testcase classname="com.qa.testClass.LoginPageTest" name="invalidPasswordErrText" time="0.0">
    <skipped/>
  </testcase> <!-- invalidPasswordErrText -->
  <testcase classname="com.qa.testClass.LoginPageTest" name="validLogin" time="0.0">
    <skipped/>
  </testcase> <!-- validLogin -->
</testsuite> <!-- iOS -->
