<?xml version="1.0" encoding="UTF-8"?>
<!-- Generated by org.testng.reporters.JUnitXMLReporter -->
<testsuite ignored="0" hostname="EXIPC0200" failures="1" tests="3" name="Test" time="96.416" errors="0" timestamp="2024-09-25T15:18:19 IST">
  <testcase classname="com.qa.testClass.LoginPageTest" name="invalidEmailErrText" time="10.56">
    <failure type="java.lang.AssertionError" message="expected [Email address not found.] but found [Email address not found.xx]">
      <![CDATA[java.lang.AssertionError: expected [Email address not found.] but found [Email address not found.xx]
at com.qa.testClass.LoginPageTest.invalidEmailErrText(LoginPageTest.java:91)
at java.base/java.util.ArrayList.forEach(ArrayList.java:1511)
... Removed 33 stack frames]]>
    </failure>
  </testcase> <!-- invalidEmailErrText -->
  <testcase classname="com.qa.testClass.LoginPageTest" name="invalidPasswordErrText" time="15.161"/>
  <testcase classname="com.qa.testClass.LoginPageTest" name="validLogin" time="40.934"/>
</testsuite> <!-- Test -->
