<?xml version="1.0" encoding="UTF-8"?>
<testng-results ignored="0" total="3" passed="2" failed="1" skipped="0">
  <reporter-output>
    <line>
      <![CDATA[This is the Screenshot of failed test cases]]>
    </line>
    <line>
      <![CDATA[<a href='D:\Eclipse-WorkSpace\SmartACProAppWithParallelExecution1server\FailedCasesScreenShots\Android_Pixel_8\2024-10-01-19-08-04\LoginPageTest\invalidEmailErrText.png'> <img src='D:\Eclipse-WorkSpace\SmartACProAppWithParallelExecution1server\FailedCasesScreenShots\Android_Pixel_8\2024-10-01-19-08-04\LoginPageTest\invalidEmailErrText.png' height='100' width='100'/> </a>]]>
    </line>
  </reporter-output>
  <suite started-at="2024-10-01T19:08:04 IST" name="Suite" finished-at="2024-10-01T19:09:23 IST" duration-ms="78522">
    <groups>
    </groups>
    <test started-at="2024-10-01T19:08:04 IST" name="Android_Nokia5.4" finished-at="2024-10-01T19:09:23 IST" duration-ms="78522">
      <class name="com.qa.testClass.LoginPageTest">
        <test-method is-config="true" signature="beforeSuite()[pri:0, instance:com.qa.testClass.LoginPageTest@4e50c791]" started-at="2024-10-01T19:08:02 IST" name="beforeSuite" finished-at="2024-10-01T19:08:04 IST" duration-ms="2497" status="PASS">
          <reporter-output>
          </reporter-output>
        </test-method> <!-- beforeSuite -->
        <test-method is-config="true" signature="beforeTest(java.lang.String,java.lang.String,java.lang.String,java.lang.String,java.lang.String,java.lang.String,java.lang.String,java.lang.String,java.lang.String,java.lang.String)[pri:0, instance:com.qa.testClass.LoginPageTest@4e50c791]" started-at="2024-10-01T19:08:04 IST" name="beforeTest" finished-at="2024-10-01T19:08:19 IST" duration-ms="15125" status="PASS">
          <params>
            <param index="0">
              <value>
                <![CDATA[false]]>
              </value>
            </param>
            <param index="1">
              <value>
                <![CDATA[false]]>
              </value>
            </param>
            <param index="2">
              <value>
                <![CDATA[Android]]>
              </value>
            </param>
            <param index="3">
              <value>
                <![CDATA[Pixel_8]]>
              </value>
            </param>
            <param index="4">
              <value>
                <![CDATA[PD21BDD464038424]]>
              </value>
            </param>
            <param index="5">
              <value>
                <![CDATA[emulator-5554]]>
              </value>
            </param>
            <param index="6">
              <value>
                <![CDATA[10002]]>
              </value>
            </param>
            <param index="7">
              <value>
                <![CDATA[11000]]>
              </value>
            </param>
            <param index="8">
              <value>
                <![CDATA[iOSOnly]]>
              </value>
            </param>
            <param index="9">
              <value>
                <![CDATA[iOSOnly]]>
              </value>
            </param>
          </params>
          <reporter-output>
          </reporter-output>
        </test-method> <!-- beforeTest -->
        <test-method is-config="true" signature="beforeClass()[pri:0, instance:com.qa.testClass.LoginPageTest@4e50c791]" started-at="2024-10-01T19:08:19 IST" name="beforeClass" finished-at="2024-10-01T19:08:19 IST" duration-ms="5" status="PASS">
          <reporter-output>
          </reporter-output>
        </test-method> <!-- beforeClass -->
        <test-method is-config="true" signature="beforeMethodForVideo()[pri:0, instance:com.qa.testClass.LoginPageTest@4e50c791]" started-at="2024-10-01T19:08:19 IST" name="beforeMethodForVideo" finished-at="2024-10-01T19:08:20 IST" duration-ms="864" status="PASS">
          <reporter-output>
          </reporter-output>
        </test-method> <!-- beforeMethodForVideo -->
        <test-method is-config="true" signature="beforeMethod(java.lang.reflect.Method)[pri:0, instance:com.qa.testClass.LoginPageTest@4e50c791]" started-at="2024-10-01T19:08:20 IST" name="beforeMethod" finished-at="2024-10-01T19:08:21 IST" duration-ms="766" status="PASS">
          <params>
            <param index="0">
              <value>
                <![CDATA[public void com.qa.testClass.LoginPageTest.invalidEmailErrText()]]>
              </value>
            </param>
          </params>
          <reporter-output>
          </reporter-output>
        </test-method> <!-- beforeMethod -->
        <test-method signature="invalidEmailErrText()[pri:0, instance:com.qa.testClass.LoginPageTest@4e50c791]" started-at="2024-10-01T19:08:21 IST" name="invalidEmailErrText" finished-at="2024-10-01T19:08:29 IST" duration-ms="7956" status="FAIL">
          <exception class="java.lang.AssertionError">
            <message>
              <![CDATA[expected [Email address not found.] but found [Email address not found.anc]]]>
            </message>
            <full-stacktrace>
              <![CDATA[java.lang.AssertionError: expected [Email address not found.] but found [Email address not found.anc]
at org.testng.Assert.fail(Assert.java:111)
at org.testng.Assert.failNotEquals(Assert.java:1578)
at org.testng.Assert.assertEqualsImpl(Assert.java:150)
at org.testng.Assert.assertEquals(Assert.java:132)
at org.testng.Assert.assertEquals(Assert.java:656)
at org.testng.Assert.assertEquals(Assert.java:666)
at com.qa.testClass.LoginPageTest.invalidEmailErrText(LoginPageTest.java:99)
at java.base/jdk.internal.reflect.NativeMethodAccessorImpl.invoke0(Native Method)
at java.base/jdk.internal.reflect.NativeMethodAccessorImpl.invoke(NativeMethodAccessorImpl.java:77)
at java.base/jdk.internal.reflect.DelegatingMethodAccessorImpl.invoke(DelegatingMethodAccessorImpl.java:43)
at java.base/java.lang.reflect.Method.invoke(Method.java:568)
at org.testng.internal.invokers.MethodInvocationHelper.invokeMethod(MethodInvocationHelper.java:141)
at org.testng.internal.invokers.TestInvoker.invokeMethod(TestInvoker.java:686)
at org.testng.internal.invokers.TestInvoker.invokeTestMethod(TestInvoker.java:230)
at org.testng.internal.invokers.MethodRunner.runInSequence(MethodRunner.java:63)
at org.testng.internal.invokers.TestInvoker$MethodInvocationAgent.invoke(TestInvoker.java:992)
at org.testng.internal.invokers.TestInvoker.invokeTestMethods(TestInvoker.java:203)
at org.testng.internal.invokers.TestMethodWorker.invokeTestMethods(TestMethodWorker.java:154)
at org.testng.internal.invokers.TestMethodWorker.run(TestMethodWorker.java:134)
at java.base/java.util.ArrayList.forEach(ArrayList.java:1511)
at org.testng.TestRunner.privateRun(TestRunner.java:739)
at org.testng.TestRunner.run(TestRunner.java:614)
at org.testng.SuiteRunner.runTest(SuiteRunner.java:421)
at org.testng.SuiteRunner$SuiteWorker.run(SuiteRunner.java:463)
at org.testng.internal.thread.ThreadUtil.lambda$execute$0(ThreadUtil.java:64)
at java.base/java.util.concurrent.FutureTask.run(FutureTask.java:264)
at java.base/java.util.concurrent.ThreadPoolExecutor.runWorker(ThreadPoolExecutor.java:1136)
at java.base/java.util.concurrent.ThreadPoolExecutor$Worker.run(ThreadPoolExecutor.java:635)
at java.base/java.lang.Thread.run(Thread.java:842)
]]>
            </full-stacktrace>
          </exception> <!-- java.lang.AssertionError -->
          <reporter-output>
            <line>
              <![CDATA[This is the Screenshot of failed test cases]]>
            </line>
            <line>
              <![CDATA[<a href='D:\Eclipse-WorkSpace\SmartACProAppWithParallelExecution1server\FailedCasesScreenShots\Android_Pixel_8\2024-10-01-19-08-04\LoginPageTest\invalidEmailErrText.png'> <img src='D:\Eclipse-WorkSpace\SmartACProAppWithParallelExecution1server\FailedCasesScreenShots\Android_Pixel_8\2024-10-01-19-08-04\LoginPageTest\invalidEmailErrText.png' height='100' width='100'/> </a>]]>
            </line>
          </reporter-output>
        </test-method> <!-- invalidEmailErrText -->
        <test-method is-config="true" signature="afterMethod()[pri:0, instance:com.qa.testClass.LoginPageTest@4e50c791]" started-at="2024-10-01T19:08:30 IST" name="afterMethod" finished-at="2024-10-01T19:08:30 IST" duration-ms="591" status="PASS">
          <reporter-output>
          </reporter-output>
        </test-method> <!-- afterMethod -->
        <test-method is-config="true" signature="beforeMethodForVideo(org.testng.ITestResult)[pri:0, instance:com.qa.testClass.LoginPageTest@4e50c791]" started-at="2024-10-01T19:08:30 IST" name="beforeMethodForVideo" finished-at="2024-10-01T19:08:41 IST" duration-ms="10685" status="PASS">
          <params>
            <param index="0">
              <value>
                <![CDATA[[TestResult name=invalidEmailErrText status=FAILURE method=LoginPageTest.invalidEmailErrText()[pri:0, instance:com.qa.testClass.LoginPageTest@4e50c791] output=This is the Screenshot of failed test cases]]]>
              </value>
            </param>
          </params>
          <reporter-output>
          </reporter-output>
        </test-method> <!-- beforeMethodForVideo -->
        <test-method is-config="true" signature="beforeMethodForVideo()[pri:0, instance:com.qa.testClass.LoginPageTest@4e50c791]" started-at="2024-10-01T19:08:41 IST" name="beforeMethodForVideo" finished-at="2024-10-01T19:08:42 IST" duration-ms="826" status="PASS">
          <reporter-output>
          </reporter-output>
        </test-method> <!-- beforeMethodForVideo -->
        <test-method is-config="true" signature="beforeMethod(java.lang.reflect.Method)[pri:0, instance:com.qa.testClass.LoginPageTest@4e50c791]" started-at="2024-10-01T19:08:42 IST" name="beforeMethod" finished-at="2024-10-01T19:08:42 IST" duration-ms="324" status="PASS">
          <params>
            <param index="0">
              <value>
                <![CDATA[public void com.qa.testClass.LoginPageTest.invalidPasswordErrText()]]>
              </value>
            </param>
          </params>
          <reporter-output>
          </reporter-output>
        </test-method> <!-- beforeMethod -->
        <test-method signature="invalidPasswordErrText()[pri:0, instance:com.qa.testClass.LoginPageTest@4e50c791]" started-at="2024-10-01T19:08:42 IST" name="invalidPasswordErrText" finished-at="2024-10-01T19:09:00 IST" duration-ms="17572" status="PASS">
          <reporter-output>
          </reporter-output>
        </test-method> <!-- invalidPasswordErrText -->
        <test-method is-config="true" signature="afterMethod()[pri:0, instance:com.qa.testClass.LoginPageTest@4e50c791]" started-at="2024-10-01T19:09:00 IST" name="afterMethod" finished-at="2024-10-01T19:09:01 IST" duration-ms="815" status="PASS">
          <reporter-output>
          </reporter-output>
        </test-method> <!-- afterMethod -->
        <test-method is-config="true" signature="beforeMethodForVideo(org.testng.ITestResult)[pri:0, instance:com.qa.testClass.LoginPageTest@4e50c791]" started-at="2024-10-01T19:09:01 IST" name="beforeMethodForVideo" finished-at="2024-10-01T19:09:02 IST" duration-ms="1679" status="PASS">
          <params>
            <param index="0">
              <value>
                <![CDATA[[TestResult name=invalidPasswordErrText status=SUCCESS method=LoginPageTest.invalidPasswordErrText()[pri:0, instance:com.qa.testClass.LoginPageTest@4e50c791] output={null}]]]>
              </value>
            </param>
          </params>
          <reporter-output>
          </reporter-output>
        </test-method> <!-- beforeMethodForVideo -->
        <test-method is-config="true" signature="beforeMethodForVideo()[pri:0, instance:com.qa.testClass.LoginPageTest@4e50c791]" started-at="2024-10-01T19:09:02 IST" name="beforeMethodForVideo" finished-at="2024-10-01T19:09:03 IST" duration-ms="784" status="PASS">
          <reporter-output>
          </reporter-output>
        </test-method> <!-- beforeMethodForVideo -->
        <test-method is-config="true" signature="beforeMethod(java.lang.reflect.Method)[pri:0, instance:com.qa.testClass.LoginPageTest@4e50c791]" started-at="2024-10-01T19:09:03 IST" name="beforeMethod" finished-at="2024-10-01T19:09:03 IST" duration-ms="348" status="PASS">
          <params>
            <param index="0">
              <value>
                <![CDATA[public void com.qa.testClass.LoginPageTest.validLogin()]]>
              </value>
            </param>
          </params>
          <reporter-output>
          </reporter-output>
        </test-method> <!-- beforeMethod -->
        <test-method signature="validLogin()[pri:0, instance:com.qa.testClass.LoginPageTest@4e50c791]" started-at="2024-10-01T19:09:03 IST" name="validLogin" finished-at="2024-10-01T19:09:20 IST" duration-ms="16586" status="PASS">
          <reporter-output>
          </reporter-output>
        </test-method> <!-- validLogin -->
        <test-method is-config="true" signature="afterMethod()[pri:0, instance:com.qa.testClass.LoginPageTest@4e50c791]" started-at="2024-10-01T19:09:20 IST" name="afterMethod" finished-at="2024-10-01T19:09:21 IST" duration-ms="682" status="PASS">
          <reporter-output>
          </reporter-output>
        </test-method> <!-- afterMethod -->
        <test-method is-config="true" signature="beforeMethodForVideo(org.testng.ITestResult)[pri:0, instance:com.qa.testClass.LoginPageTest@4e50c791]" started-at="2024-10-01T19:09:21 IST" name="beforeMethodForVideo" finished-at="2024-10-01T19:09:22 IST" duration-ms="1612" status="PASS">
          <params>
            <param index="0">
              <value>
                <![CDATA[[TestResult name=validLogin status=SUCCESS method=LoginPageTest.validLogin()[pri:0, instance:com.qa.testClass.LoginPageTest@4e50c791] output={null}]]]>
              </value>
            </param>
          </params>
          <reporter-output>
          </reporter-output>
        </test-method> <!-- beforeMethodForVideo -->
        <test-method is-config="true" signature="afterClass()[pri:0, instance:com.qa.testClass.LoginPageTest@4e50c791]" started-at="2024-10-01T19:09:22 IST" name="afterClass" finished-at="2024-10-01T19:09:22 IST" duration-ms="0" status="PASS">
          <reporter-output>
          </reporter-output>
        </test-method> <!-- afterClass -->
        <test-method is-config="true" signature="afterTest()[pri:0, instance:com.qa.testClass.LoginPageTest@4e50c791]" started-at="2024-10-01T19:09:22 IST" name="afterTest" finished-at="2024-10-01T19:09:23 IST" duration-ms="424" status="PASS">
          <reporter-output>
          </reporter-output>
        </test-method> <!-- afterTest -->
        <test-method is-config="true" signature="afterSuite()[pri:0, instance:com.qa.testClass.LoginPageTest@4e50c791]" started-at="2024-10-01T19:09:23 IST" name="afterSuite" finished-at="2024-10-01T19:09:23 IST" duration-ms="4" status="PASS">
          <reporter-output>
          </reporter-output>
        </test-method> <!-- afterSuite -->
      </class> <!-- com.qa.testClass.LoginPageTest -->
    </test> <!-- Android_Nokia5.4 -->
  </suite> <!-- Suite -->
</testng-results>
